2020-02-11 14:40:08 [scrapy.core.downloader.handlers.http11] WARNING: Got data loss in https://product.suning.com/0070171878/101715665.html. If you want to process broken responses set the setting DOWNLOAD_FAIL_ON_DATALOSS = False -- This message won't be shown in further requests
2020-02-11 14:40:08 [scrapy.core.downloader.handlers.http11] WARNING: Got data loss in https://product.suning.com/0070172873/10650330522.html. If you want to process broken responses set the setting DOWNLOAD_FAIL_ON_DATALOSS = False -- This message won't be shown in further requests
2020-02-12 15:45:17 [scrapy.core.scraper] ERROR: Spider error processing <GET http://circ.gov.cn/web/site0/tab5240/info4141868.htm> (referer: http://circ.gov.cn/web/site0/tab5240/)
Traceback (most recent call last):
  File "d:\program files (x86)\microsoft visual studio\shared\python37_64\lib\site-packages\scrapy\utils\defer.py", line 102, in iter_errback
    yield next(it)
  File "d:\program files (x86)\microsoft visual studio\shared\python37_64\lib\site-packages\scrapy\core\spidermw.py", line 84, in evaluate_iterable
    for r in iterable:
  File "d:\program files (x86)\microsoft visual studio\shared\python37_64\lib\site-packages\scrapy\spidermiddlewares\offsite.py", line 29, in process_spider_output
    for x in result:
  File "d:\program files (x86)\microsoft visual studio\shared\python37_64\lib\site-packages\scrapy\core\spidermw.py", line 84, in evaluate_iterable
    for r in iterable:
  File "d:\program files (x86)\microsoft visual studio\shared\python37_64\lib\site-packages\scrapy\spidermiddlewares\referer.py", line 339, in <genexpr>
    return (_set_referer(r) for r in result or ())
  File "d:\program files (x86)\microsoft visual studio\shared\python37_64\lib\site-packages\scrapy\core\spidermw.py", line 84, in evaluate_iterable
    for r in iterable:
  File "d:\program files (x86)\microsoft visual studio\shared\python37_64\lib\site-packages\scrapy\spidermiddlewares\urllength.py", line 37, in <genexpr>
    return (r for r in result or () if _filter(r))
  File "d:\program files (x86)\microsoft visual studio\shared\python37_64\lib\site-packages\scrapy\core\spidermw.py", line 84, in evaluate_iterable
    for r in iterable:
  File "d:\program files (x86)\microsoft visual studio\shared\python37_64\lib\site-packages\scrapy\spidermiddlewares\depth.py", line 58, in <genexpr>
    return (r for r in result or () if _filter(r))
  File "d:\program files (x86)\microsoft visual studio\shared\python37_64\lib\site-packages\scrapy\spiders\crawl.py", line 102, in _parse_response
    cb_res = callback(response, **cb_kwargs) or ()
  File "D:\OneDrive\github\myspider\myspider\spiders\circ.py", line 23, in parse_item
    item['name'] = re.findall('<p>当事人：(.?*)</p>',response.body.decode())
  File "d:\program files (x86)\microsoft visual studio\shared\python37_64\lib\re.py", line 223, in findall
    return _compile(pattern, flags).findall(string)
  File "d:\program files (x86)\microsoft visual studio\shared\python37_64\lib\re.py", line 286, in _compile
    p = sre_compile.compile(pattern, flags)
  File "d:\program files (x86)\microsoft visual studio\shared\python37_64\lib\sre_compile.py", line 764, in compile
    p = sre_parse.parse(p, flags)
  File "d:\program files (x86)\microsoft visual studio\shared\python37_64\lib\sre_parse.py", line 924, in parse
    p = _parse_sub(source, pattern, flags & SRE_FLAG_VERBOSE, 0)
  File "d:\program files (x86)\microsoft visual studio\shared\python37_64\lib\sre_parse.py", line 420, in _parse_sub
    not nested and not items))
  File "d:\program files (x86)\microsoft visual studio\shared\python37_64\lib\sre_parse.py", line 810, in _parse
    p = _parse_sub(source, state, sub_verbose, nested + 1)
  File "d:\program files (x86)\microsoft visual studio\shared\python37_64\lib\sre_parse.py", line 420, in _parse_sub
    not nested and not items))
  File "d:\program files (x86)\microsoft visual studio\shared\python37_64\lib\sre_parse.py", line 648, in _parse
    source.tell() - here + len(this))
re.error: multiple repeat at position 10
2020-02-12 15:45:20 [scrapy.core.scraper] ERROR: Spider error processing <GET http://circ.gov.cn/web/site0/tab5240/info4103850.htm> (referer: http://circ.gov.cn/web/site0/tab5240/)
Traceback (most recent call last):
  File "d:\program files (x86)\microsoft visual studio\shared\python37_64\lib\site-packages\scrapy\utils\defer.py", line 102, in iter_errback
    yield next(it)
  File "d:\program files (x86)\microsoft visual studio\shared\python37_64\lib\site-packages\scrapy\core\spidermw.py", line 84, in evaluate_iterable
    for r in iterable:
  File "d:\program files (x86)\microsoft visual studio\shared\python37_64\lib\site-packages\scrapy\spidermiddlewares\offsite.py", line 29, in process_spider_output
    for x in result:
  File "d:\program files (x86)\microsoft visual studio\shared\python37_64\lib\site-packages\scrapy\core\spidermw.py", line 84, in evaluate_iterable
    for r in iterable:
  File "d:\program files (x86)\microsoft visual studio\shared\python37_64\lib\site-packages\scrapy\spidermiddlewares\referer.py", line 339, in <genexpr>
    return (_set_referer(r) for r in result or ())
  File "d:\program files (x86)\microsoft visual studio\shared\python37_64\lib\site-packages\scrapy\core\spidermw.py", line 84, in evaluate_iterable
    for r in iterable:
  File "d:\program files (x86)\microsoft visual studio\shared\python37_64\lib\site-packages\scrapy\spidermiddlewares\urllength.py", line 37, in <genexpr>
    return (r for r in result or () if _filter(r))
  File "d:\program files (x86)\microsoft visual studio\shared\python37_64\lib\site-packages\scrapy\core\spidermw.py", line 84, in evaluate_iterable
    for r in iterable:
  File "d:\program files (x86)\microsoft visual studio\shared\python37_64\lib\site-packages\scrapy\spidermiddlewares\depth.py", line 58, in <genexpr>
    return (r for r in result or () if _filter(r))
  File "d:\program files (x86)\microsoft visual studio\shared\python37_64\lib\site-packages\scrapy\spiders\crawl.py", line 102, in _parse_response
    cb_res = callback(response, **cb_kwargs) or ()
  File "D:\OneDrive\github\myspider\myspider\spiders\circ.py", line 23, in parse_item
    item['name'] = re.findall('<p>当事人：(.?*)</p>',response.body.decode())
  File "d:\program files (x86)\microsoft visual studio\shared\python37_64\lib\re.py", line 223, in findall
    return _compile(pattern, flags).findall(string)
  File "d:\program files (x86)\microsoft visual studio\shared\python37_64\lib\re.py", line 286, in _compile
    p = sre_compile.compile(pattern, flags)
  File "d:\program files (x86)\microsoft visual studio\shared\python37_64\lib\sre_compile.py", line 764, in compile
    p = sre_parse.parse(p, flags)
  File "d:\program files (x86)\microsoft visual studio\shared\python37_64\lib\sre_parse.py", line 924, in parse
    p = _parse_sub(source, pattern, flags & SRE_FLAG_VERBOSE, 0)
  File "d:\program files (x86)\microsoft visual studio\shared\python37_64\lib\sre_parse.py", line 420, in _parse_sub
    not nested and not items))
  File "d:\program files (x86)\microsoft visual studio\shared\python37_64\lib\sre_parse.py", line 810, in _parse
    p = _parse_sub(source, state, sub_verbose, nested + 1)
  File "d:\program files (x86)\microsoft visual studio\shared\python37_64\lib\sre_parse.py", line 420, in _parse_sub
    not nested and not items))
  File "d:\program files (x86)\microsoft visual studio\shared\python37_64\lib\sre_parse.py", line 648, in _parse
    source.tell() - here + len(this))
re.error: multiple repeat at position 10
2020-02-12 15:45:21 [scrapy.core.scraper] ERROR: Spider error processing <GET http://circ.gov.cn/web/site0/tab5240/info4103846.htm> (referer: http://circ.gov.cn/web/site0/tab5240/)
Traceback (most recent call last):
  File "d:\program files (x86)\microsoft visual studio\shared\python37_64\lib\site-packages\scrapy\utils\defer.py", line 102, in iter_errback
    yield next(it)
  File "d:\program files (x86)\microsoft visual studio\shared\python37_64\lib\site-packages\scrapy\core\spidermw.py", line 84, in evaluate_iterable
    for r in iterable:
  File "d:\program files (x86)\microsoft visual studio\shared\python37_64\lib\site-packages\scrapy\spidermiddlewares\offsite.py", line 29, in process_spider_output
    for x in result:
  File "d:\program files (x86)\microsoft visual studio\shared\python37_64\lib\site-packages\scrapy\core\spidermw.py", line 84, in evaluate_iterable
    for r in iterable:
  File "d:\program files (x86)\microsoft visual studio\shared\python37_64\lib\site-packages\scrapy\spidermiddlewares\referer.py", line 339, in <genexpr>
    return (_set_referer(r) for r in result or ())
  File "d:\program files (x86)\microsoft visual studio\shared\python37_64\lib\site-packages\scrapy\core\spidermw.py", line 84, in evaluate_iterable
    for r in iterable:
  File "d:\program files (x86)\microsoft visual studio\shared\python37_64\lib\site-packages\scrapy\spidermiddlewares\urllength.py", line 37, in <genexpr>
    return (r for r in result or () if _filter(r))
  File "d:\program files (x86)\microsoft visual studio\shared\python37_64\lib\site-packages\scrapy\core\spidermw.py", line 84, in evaluate_iterable
    for r in iterable:
  File "d:\program files (x86)\microsoft visual studio\shared\python37_64\lib\site-packages\scrapy\spidermiddlewares\depth.py", line 58, in <genexpr>
    return (r for r in result or () if _filter(r))
  File "d:\program files (x86)\microsoft visual studio\shared\python37_64\lib\site-packages\scrapy\spiders\crawl.py", line 102, in _parse_response
    cb_res = callback(response, **cb_kwargs) or ()
  File "D:\OneDrive\github\myspider\myspider\spiders\circ.py", line 23, in parse_item
    item['name'] = re.findall('<p>当事人：(.?*)</p>',response.body.decode())
  File "d:\program files (x86)\microsoft visual studio\shared\python37_64\lib\re.py", line 223, in findall
    return _compile(pattern, flags).findall(string)
  File "d:\program files (x86)\microsoft visual studio\shared\python37_64\lib\re.py", line 286, in _compile
    p = sre_compile.compile(pattern, flags)
  File "d:\program files (x86)\microsoft visual studio\shared\python37_64\lib\sre_compile.py", line 764, in compile
    p = sre_parse.parse(p, flags)
  File "d:\program files (x86)\microsoft visual studio\shared\python37_64\lib\sre_parse.py", line 924, in parse
    p = _parse_sub(source, pattern, flags & SRE_FLAG_VERBOSE, 0)
  File "d:\program files (x86)\microsoft visual studio\shared\python37_64\lib\sre_parse.py", line 420, in _parse_sub
    not nested and not items))
  File "d:\program files (x86)\microsoft visual studio\shared\python37_64\lib\sre_parse.py", line 810, in _parse
    p = _parse_sub(source, state, sub_verbose, nested + 1)
  File "d:\program files (x86)\microsoft visual studio\shared\python37_64\lib\sre_parse.py", line 420, in _parse_sub
    not nested and not items))
  File "d:\program files (x86)\microsoft visual studio\shared\python37_64\lib\sre_parse.py", line 648, in _parse
    source.tell() - here + len(this))
re.error: multiple repeat at position 10
2020-02-12 15:45:21 [scrapy.core.scraper] ERROR: Spider error processing <GET http://circ.gov.cn/web/site0/tab5240/info4103844.htm> (referer: http://circ.gov.cn/web/site0/tab5240/)
Traceback (most recent call last):
  File "d:\program files (x86)\microsoft visual studio\shared\python37_64\lib\site-packages\scrapy\utils\defer.py", line 102, in iter_errback
    yield next(it)
  File "d:\program files (x86)\microsoft visual studio\shared\python37_64\lib\site-packages\scrapy\core\spidermw.py", line 84, in evaluate_iterable
    for r in iterable:
  File "d:\program files (x86)\microsoft visual studio\shared\python37_64\lib\site-packages\scrapy\spidermiddlewares\offsite.py", line 29, in process_spider_output
    for x in result:
  File "d:\program files (x86)\microsoft visual studio\shared\python37_64\lib\site-packages\scrapy\core\spidermw.py", line 84, in evaluate_iterable
    for r in iterable:
  File "d:\program files (x86)\microsoft visual studio\shared\python37_64\lib\site-packages\scrapy\spidermiddlewares\referer.py", line 339, in <genexpr>
    return (_set_referer(r) for r in result or ())
  File "d:\program files (x86)\microsoft visual studio\shared\python37_64\lib\site-packages\scrapy\core\spidermw.py", line 84, in evaluate_iterable
    for r in iterable:
  File "d:\program files (x86)\microsoft visual studio\shared\python37_64\lib\site-packages\scrapy\spidermiddlewares\urllength.py", line 37, in <genexpr>
    return (r for r in result or () if _filter(r))
  File "d:\program files (x86)\microsoft visual studio\shared\python37_64\lib\site-packages\scrapy\core\spidermw.py", line 84, in evaluate_iterable
    for r in iterable:
  File "d:\program files (x86)\microsoft visual studio\shared\python37_64\lib\site-packages\scrapy\spidermiddlewares\depth.py", line 58, in <genexpr>
    return (r for r in result or () if _filter(r))
  File "d:\program files (x86)\microsoft visual studio\shared\python37_64\lib\site-packages\scrapy\spiders\crawl.py", line 102, in _parse_response
    cb_res = callback(response, **cb_kwargs) or ()
  File "D:\OneDrive\github\myspider\myspider\spiders\circ.py", line 23, in parse_item
    item['name'] = re.findall('<p>当事人：(.?*)</p>',response.body.decode())
  File "d:\program files (x86)\microsoft visual studio\shared\python37_64\lib\re.py", line 223, in findall
    return _compile(pattern, flags).findall(string)
  File "d:\program files (x86)\microsoft visual studio\shared\python37_64\lib\re.py", line 286, in _compile
    p = sre_compile.compile(pattern, flags)
  File "d:\program files (x86)\microsoft visual studio\shared\python37_64\lib\sre_compile.py", line 764, in compile
    p = sre_parse.parse(p, flags)
  File "d:\program files (x86)\microsoft visual studio\shared\python37_64\lib\sre_parse.py", line 924, in parse
    p = _parse_sub(source, pattern, flags & SRE_FLAG_VERBOSE, 0)
  File "d:\program files (x86)\microsoft visual studio\shared\python37_64\lib\sre_parse.py", line 420, in _parse_sub
    not nested and not items))
  File "d:\program files (x86)\microsoft visual studio\shared\python37_64\lib\sre_parse.py", line 810, in _parse
    p = _parse_sub(source, state, sub_verbose, nested + 1)
  File "d:\program files (x86)\microsoft visual studio\shared\python37_64\lib\sre_parse.py", line 420, in _parse_sub
    not nested and not items))
  File "d:\program files (x86)\microsoft visual studio\shared\python37_64\lib\sre_parse.py", line 648, in _parse
    source.tell() - here + len(this))
re.error: multiple repeat at position 10
2020-02-12 15:45:24 [scrapy.core.scraper] ERROR: Spider error processing <GET http://circ.gov.cn/web/site0/tab5240/info4103849.htm> (referer: http://circ.gov.cn/web/site0/tab5240/)
Traceback (most recent call last):
  File "d:\program files (x86)\microsoft visual studio\shared\python37_64\lib\site-packages\scrapy\utils\defer.py", line 102, in iter_errback
    yield next(it)
  File "d:\program files (x86)\microsoft visual studio\shared\python37_64\lib\site-packages\scrapy\core\spidermw.py", line 84, in evaluate_iterable
    for r in iterable:
  File "d:\program files (x86)\microsoft visual studio\shared\python37_64\lib\site-packages\scrapy\spidermiddlewares\offsite.py", line 29, in process_spider_output
    for x in result:
  File "d:\program files (x86)\microsoft visual studio\shared\python37_64\lib\site-packages\scrapy\core\spidermw.py", line 84, in evaluate_iterable
    for r in iterable:
  File "d:\program files (x86)\microsoft visual studio\shared\python37_64\lib\site-packages\scrapy\spidermiddlewares\referer.py", line 339, in <genexpr>
    return (_set_referer(r) for r in result or ())
  File "d:\program files (x86)\microsoft visual studio\shared\python37_64\lib\site-packages\scrapy\core\spidermw.py", line 84, in evaluate_iterable
    for r in iterable:
  File "d:\program files (x86)\microsoft visual studio\shared\python37_64\lib\site-packages\scrapy\spidermiddlewares\urllength.py", line 37, in <genexpr>
    return (r for r in result or () if _filter(r))
  File "d:\program files (x86)\microsoft visual studio\shared\python37_64\lib\site-packages\scrapy\core\spidermw.py", line 84, in evaluate_iterable
    for r in iterable:
  File "d:\program files (x86)\microsoft visual studio\shared\python37_64\lib\site-packages\scrapy\spidermiddlewares\depth.py", line 58, in <genexpr>
    return (r for r in result or () if _filter(r))
  File "d:\program files (x86)\microsoft visual studio\shared\python37_64\lib\site-packages\scrapy\spiders\crawl.py", line 102, in _parse_response
    cb_res = callback(response, **cb_kwargs) or ()
  File "D:\OneDrive\github\myspider\myspider\spiders\circ.py", line 23, in parse_item
    item['name'] = re.findall('<p>当事人：(.?*)</p>',response.body.decode())
  File "d:\program files (x86)\microsoft visual studio\shared\python37_64\lib\re.py", line 223, in findall
    return _compile(pattern, flags).findall(string)
  File "d:\program files (x86)\microsoft visual studio\shared\python37_64\lib\re.py", line 286, in _compile
    p = sre_compile.compile(pattern, flags)
  File "d:\program files (x86)\microsoft visual studio\shared\python37_64\lib\sre_compile.py", line 764, in compile
    p = sre_parse.parse(p, flags)
  File "d:\program files (x86)\microsoft visual studio\shared\python37_64\lib\sre_parse.py", line 924, in parse
    p = _parse_sub(source, pattern, flags & SRE_FLAG_VERBOSE, 0)
  File "d:\program files (x86)\microsoft visual studio\shared\python37_64\lib\sre_parse.py", line 420, in _parse_sub
    not nested and not items))
  File "d:\program files (x86)\microsoft visual studio\shared\python37_64\lib\sre_parse.py", line 810, in _parse
    p = _parse_sub(source, state, sub_verbose, nested + 1)
  File "d:\program files (x86)\microsoft visual studio\shared\python37_64\lib\sre_parse.py", line 420, in _parse_sub
    not nested and not items))
  File "d:\program files (x86)\microsoft visual studio\shared\python37_64\lib\sre_parse.py", line 648, in _parse
    source.tell() - here + len(this))
re.error: multiple repeat at position 10
2020-02-12 15:45:24 [scrapy.core.scraper] ERROR: Spider error processing <GET http://circ.gov.cn/web/site0/tab5240/info4103847.htm> (referer: http://circ.gov.cn/web/site0/tab5240/)
Traceback (most recent call last):
  File "d:\program files (x86)\microsoft visual studio\shared\python37_64\lib\site-packages\scrapy\utils\defer.py", line 102, in iter_errback
    yield next(it)
  File "d:\program files (x86)\microsoft visual studio\shared\python37_64\lib\site-packages\scrapy\core\spidermw.py", line 84, in evaluate_iterable
    for r in iterable:
  File "d:\program files (x86)\microsoft visual studio\shared\python37_64\lib\site-packages\scrapy\spidermiddlewares\offsite.py", line 29, in process_spider_output
    for x in result:
  File "d:\program files (x86)\microsoft visual studio\shared\python37_64\lib\site-packages\scrapy\core\spidermw.py", line 84, in evaluate_iterable
    for r in iterable:
  File "d:\program files (x86)\microsoft visual studio\shared\python37_64\lib\site-packages\scrapy\spidermiddlewares\referer.py", line 339, in <genexpr>
    return (_set_referer(r) for r in result or ())
  File "d:\program files (x86)\microsoft visual studio\shared\python37_64\lib\site-packages\scrapy\core\spidermw.py", line 84, in evaluate_iterable
    for r in iterable:
  File "d:\program files (x86)\microsoft visual studio\shared\python37_64\lib\site-packages\scrapy\spidermiddlewares\urllength.py", line 37, in <genexpr>
    return (r for r in result or () if _filter(r))
  File "d:\program files (x86)\microsoft visual studio\shared\python37_64\lib\site-packages\scrapy\core\spidermw.py", line 84, in evaluate_iterable
    for r in iterable:
  File "d:\program files (x86)\microsoft visual studio\shared\python37_64\lib\site-packages\scrapy\spidermiddlewares\depth.py", line 58, in <genexpr>
    return (r for r in result or () if _filter(r))
  File "d:\program files (x86)\microsoft visual studio\shared\python37_64\lib\site-packages\scrapy\spiders\crawl.py", line 102, in _parse_response
    cb_res = callback(response, **cb_kwargs) or ()
  File "D:\OneDrive\github\myspider\myspider\spiders\circ.py", line 23, in parse_item
    item['name'] = re.findall('<p>当事人：(.?*)</p>',response.body.decode())
  File "d:\program files (x86)\microsoft visual studio\shared\python37_64\lib\re.py", line 223, in findall
    return _compile(pattern, flags).findall(string)
  File "d:\program files (x86)\microsoft visual studio\shared\python37_64\lib\re.py", line 286, in _compile
    p = sre_compile.compile(pattern, flags)
  File "d:\program files (x86)\microsoft visual studio\shared\python37_64\lib\sre_compile.py", line 764, in compile
    p = sre_parse.parse(p, flags)
  File "d:\program files (x86)\microsoft visual studio\shared\python37_64\lib\sre_parse.py", line 924, in parse
    p = _parse_sub(source, pattern, flags & SRE_FLAG_VERBOSE, 0)
  File "d:\program files (x86)\microsoft visual studio\shared\python37_64\lib\sre_parse.py", line 420, in _parse_sub
    not nested and not items))
  File "d:\program files (x86)\microsoft visual studio\shared\python37_64\lib\sre_parse.py", line 810, in _parse
    p = _parse_sub(source, state, sub_verbose, nested + 1)
  File "d:\program files (x86)\microsoft visual studio\shared\python37_64\lib\sre_parse.py", line 420, in _parse_sub
    not nested and not items))
  File "d:\program files (x86)\microsoft visual studio\shared\python37_64\lib\sre_parse.py", line 648, in _parse
    source.tell() - here + len(this))
re.error: multiple repeat at position 10
2020-02-12 15:45:25 [scrapy.core.scraper] ERROR: Spider error processing <GET http://circ.gov.cn/web/site0/tab5240/info4102978.htm> (referer: http://circ.gov.cn/web/site0/tab5240/)
Traceback (most recent call last):
  File "d:\program files (x86)\microsoft visual studio\shared\python37_64\lib\site-packages\scrapy\utils\defer.py", line 102, in iter_errback
    yield next(it)
  File "d:\program files (x86)\microsoft visual studio\shared\python37_64\lib\site-packages\scrapy\core\spidermw.py", line 84, in evaluate_iterable
    for r in iterable:
  File "d:\program files (x86)\microsoft visual studio\shared\python37_64\lib\site-packages\scrapy\spidermiddlewares\offsite.py", line 29, in process_spider_output
    for x in result:
  File "d:\program files (x86)\microsoft visual studio\shared\python37_64\lib\site-packages\scrapy\core\spidermw.py", line 84, in evaluate_iterable
    for r in iterable:
  File "d:\program files (x86)\microsoft visual studio\shared\python37_64\lib\site-packages\scrapy\spidermiddlewares\referer.py", line 339, in <genexpr>
    return (_set_referer(r) for r in result or ())
  File "d:\program files (x86)\microsoft visual studio\shared\python37_64\lib\site-packages\scrapy\core\spidermw.py", line 84, in evaluate_iterable
    for r in iterable:
  File "d:\program files (x86)\microsoft visual studio\shared\python37_64\lib\site-packages\scrapy\spidermiddlewares\urllength.py", line 37, in <genexpr>
    return (r for r in result or () if _filter(r))
  File "d:\program files (x86)\microsoft visual studio\shared\python37_64\lib\site-packages\scrapy\core\spidermw.py", line 84, in evaluate_iterable
    for r in iterable:
  File "d:\program files (x86)\microsoft visual studio\shared\python37_64\lib\site-packages\scrapy\spidermiddlewares\depth.py", line 58, in <genexpr>
    return (r for r in result or () if _filter(r))
  File "d:\program files (x86)\microsoft visual studio\shared\python37_64\lib\site-packages\scrapy\spiders\crawl.py", line 102, in _parse_response
    cb_res = callback(response, **cb_kwargs) or ()
  File "D:\OneDrive\github\myspider\myspider\spiders\circ.py", line 23, in parse_item
    item['name'] = re.findall('<p>当事人：(.?*)</p>',response.body.decode())
  File "d:\program files (x86)\microsoft visual studio\shared\python37_64\lib\re.py", line 223, in findall
    return _compile(pattern, flags).findall(string)
  File "d:\program files (x86)\microsoft visual studio\shared\python37_64\lib\re.py", line 286, in _compile
    p = sre_compile.compile(pattern, flags)
  File "d:\program files (x86)\microsoft visual studio\shared\python37_64\lib\sre_compile.py", line 764, in compile
    p = sre_parse.parse(p, flags)
  File "d:\program files (x86)\microsoft visual studio\shared\python37_64\lib\sre_parse.py", line 924, in parse
    p = _parse_sub(source, pattern, flags & SRE_FLAG_VERBOSE, 0)
  File "d:\program files (x86)\microsoft visual studio\shared\python37_64\lib\sre_parse.py", line 420, in _parse_sub
    not nested and not items))
  File "d:\program files (x86)\microsoft visual studio\shared\python37_64\lib\sre_parse.py", line 810, in _parse
    p = _parse_sub(source, state, sub_verbose, nested + 1)
  File "d:\program files (x86)\microsoft visual studio\shared\python37_64\lib\sre_parse.py", line 420, in _parse_sub
    not nested and not items))
  File "d:\program files (x86)\microsoft visual studio\shared\python37_64\lib\sre_parse.py", line 648, in _parse
    source.tell() - here + len(this))
re.error: multiple repeat at position 10
2020-02-12 15:45:25 [scrapy.core.scraper] ERROR: Spider error processing <GET http://circ.gov.cn/web/site0/tab5240/info4099706.htm> (referer: http://circ.gov.cn/web/site0/tab5240/)
Traceback (most recent call last):
  File "d:\program files (x86)\microsoft visual studio\shared\python37_64\lib\site-packages\scrapy\utils\defer.py", line 102, in iter_errback
    yield next(it)
  File "d:\program files (x86)\microsoft visual studio\shared\python37_64\lib\site-packages\scrapy\core\spidermw.py", line 84, in evaluate_iterable
    for r in iterable:
  File "d:\program files (x86)\microsoft visual studio\shared\python37_64\lib\site-packages\scrapy\spidermiddlewares\offsite.py", line 29, in process_spider_output
    for x in result:
  File "d:\program files (x86)\microsoft visual studio\shared\python37_64\lib\site-packages\scrapy\core\spidermw.py", line 84, in evaluate_iterable
    for r in iterable:
  File "d:\program files (x86)\microsoft visual studio\shared\python37_64\lib\site-packages\scrapy\spidermiddlewares\referer.py", line 339, in <genexpr>
    return (_set_referer(r) for r in result or ())
  File "d:\program files (x86)\microsoft visual studio\shared\python37_64\lib\site-packages\scrapy\core\spidermw.py", line 84, in evaluate_iterable
    for r in iterable:
  File "d:\program files (x86)\microsoft visual studio\shared\python37_64\lib\site-packages\scrapy\spidermiddlewares\urllength.py", line 37, in <genexpr>
    return (r for r in result or () if _filter(r))
  File "d:\program files (x86)\microsoft visual studio\shared\python37_64\lib\site-packages\scrapy\core\spidermw.py", line 84, in evaluate_iterable
    for r in iterable:
  File "d:\program files (x86)\microsoft visual studio\shared\python37_64\lib\site-packages\scrapy\spidermiddlewares\depth.py", line 58, in <genexpr>
    return (r for r in result or () if _filter(r))
  File "d:\program files (x86)\microsoft visual studio\shared\python37_64\lib\site-packages\scrapy\spiders\crawl.py", line 102, in _parse_response
    cb_res = callback(response, **cb_kwargs) or ()
  File "D:\OneDrive\github\myspider\myspider\spiders\circ.py", line 23, in parse_item
    item['name'] = re.findall('<p>当事人：(.?*)</p>',response.body.decode())
  File "d:\program files (x86)\microsoft visual studio\shared\python37_64\lib\re.py", line 223, in findall
    return _compile(pattern, flags).findall(string)
  File "d:\program files (x86)\microsoft visual studio\shared\python37_64\lib\re.py", line 286, in _compile
    p = sre_compile.compile(pattern, flags)
  File "d:\program files (x86)\microsoft visual studio\shared\python37_64\lib\sre_compile.py", line 764, in compile
    p = sre_parse.parse(p, flags)
  File "d:\program files (x86)\microsoft visual studio\shared\python37_64\lib\sre_parse.py", line 924, in parse
    p = _parse_sub(source, pattern, flags & SRE_FLAG_VERBOSE, 0)
  File "d:\program files (x86)\microsoft visual studio\shared\python37_64\lib\sre_parse.py", line 420, in _parse_sub
    not nested and not items))
  File "d:\program files (x86)\microsoft visual studio\shared\python37_64\lib\sre_parse.py", line 810, in _parse
    p = _parse_sub(source, state, sub_verbose, nested + 1)
  File "d:\program files (x86)\microsoft visual studio\shared\python37_64\lib\sre_parse.py", line 420, in _parse_sub
    not nested and not items))
  File "d:\program files (x86)\microsoft visual studio\shared\python37_64\lib\sre_parse.py", line 648, in _parse
    source.tell() - here + len(this))
re.error: multiple repeat at position 10
2020-02-12 15:45:25 [scrapy.core.scraper] ERROR: Spider error processing <GET http://circ.gov.cn/web/site0/tab5240/info4102977.htm> (referer: http://circ.gov.cn/web/site0/tab5240/)
Traceback (most recent call last):
  File "d:\program files (x86)\microsoft visual studio\shared\python37_64\lib\site-packages\scrapy\utils\defer.py", line 102, in iter_errback
    yield next(it)
  File "d:\program files (x86)\microsoft visual studio\shared\python37_64\lib\site-packages\scrapy\core\spidermw.py", line 84, in evaluate_iterable
    for r in iterable:
  File "d:\program files (x86)\microsoft visual studio\shared\python37_64\lib\site-packages\scrapy\spidermiddlewares\offsite.py", line 29, in process_spider_output
    for x in result:
  File "d:\program files (x86)\microsoft visual studio\shared\python37_64\lib\site-packages\scrapy\core\spidermw.py", line 84, in evaluate_iterable
    for r in iterable:
  File "d:\program files (x86)\microsoft visual studio\shared\python37_64\lib\site-packages\scrapy\spidermiddlewares\referer.py", line 339, in <genexpr>
    return (_set_referer(r) for r in result or ())
  File "d:\program files (x86)\microsoft visual studio\shared\python37_64\lib\site-packages\scrapy\core\spidermw.py", line 84, in evaluate_iterable
    for r in iterable:
  File "d:\program files (x86)\microsoft visual studio\shared\python37_64\lib\site-packages\scrapy\spidermiddlewares\urllength.py", line 37, in <genexpr>
    return (r for r in result or () if _filter(r))
  File "d:\program files (x86)\microsoft visual studio\shared\python37_64\lib\site-packages\scrapy\core\spidermw.py", line 84, in evaluate_iterable
    for r in iterable:
  File "d:\program files (x86)\microsoft visual studio\shared\python37_64\lib\site-packages\scrapy\spidermiddlewares\depth.py", line 58, in <genexpr>
    return (r for r in result or () if _filter(r))
  File "d:\program files (x86)\microsoft visual studio\shared\python37_64\lib\site-packages\scrapy\spiders\crawl.py", line 102, in _parse_response
    cb_res = callback(response, **cb_kwargs) or ()
  File "D:\OneDrive\github\myspider\myspider\spiders\circ.py", line 23, in parse_item
    item['name'] = re.findall('<p>当事人：(.?*)</p>',response.body.decode())
  File "d:\program files (x86)\microsoft visual studio\shared\python37_64\lib\re.py", line 223, in findall
    return _compile(pattern, flags).findall(string)
  File "d:\program files (x86)\microsoft visual studio\shared\python37_64\lib\re.py", line 286, in _compile
    p = sre_compile.compile(pattern, flags)
  File "d:\program files (x86)\microsoft visual studio\shared\python37_64\lib\sre_compile.py", line 764, in compile
    p = sre_parse.parse(p, flags)
  File "d:\program files (x86)\microsoft visual studio\shared\python37_64\lib\sre_parse.py", line 924, in parse
    p = _parse_sub(source, pattern, flags & SRE_FLAG_VERBOSE, 0)
  File "d:\program files (x86)\microsoft visual studio\shared\python37_64\lib\sre_parse.py", line 420, in _parse_sub
    not nested and not items))
  File "d:\program files (x86)\microsoft visual studio\shared\python37_64\lib\sre_parse.py", line 810, in _parse
    p = _parse_sub(source, state, sub_verbose, nested + 1)
  File "d:\program files (x86)\microsoft visual studio\shared\python37_64\lib\sre_parse.py", line 420, in _parse_sub
    not nested and not items))
  File "d:\program files (x86)\microsoft visual studio\shared\python37_64\lib\sre_parse.py", line 648, in _parse
    source.tell() - here + len(this))
re.error: multiple repeat at position 10
2020-02-12 15:45:26 [scrapy.core.scraper] ERROR: Spider error processing <GET http://circ.gov.cn/web/site0/tab5240/info4103848.htm> (referer: http://circ.gov.cn/web/site0/tab5240/)
Traceback (most recent call last):
  File "d:\program files (x86)\microsoft visual studio\shared\python37_64\lib\site-packages\scrapy\utils\defer.py", line 102, in iter_errback
    yield next(it)
  File "d:\program files (x86)\microsoft visual studio\shared\python37_64\lib\site-packages\scrapy\core\spidermw.py", line 84, in evaluate_iterable
    for r in iterable:
  File "d:\program files (x86)\microsoft visual studio\shared\python37_64\lib\site-packages\scrapy\spidermiddlewares\offsite.py", line 29, in process_spider_output
    for x in result:
  File "d:\program files (x86)\microsoft visual studio\shared\python37_64\lib\site-packages\scrapy\core\spidermw.py", line 84, in evaluate_iterable
    for r in iterable:
  File "d:\program files (x86)\microsoft visual studio\shared\python37_64\lib\site-packages\scrapy\spidermiddlewares\referer.py", line 339, in <genexpr>
    return (_set_referer(r) for r in result or ())
  File "d:\program files (x86)\microsoft visual studio\shared\python37_64\lib\site-packages\scrapy\core\spidermw.py", line 84, in evaluate_iterable
    for r in iterable:
  File "d:\program files (x86)\microsoft visual studio\shared\python37_64\lib\site-packages\scrapy\spidermiddlewares\urllength.py", line 37, in <genexpr>
    return (r for r in result or () if _filter(r))
  File "d:\program files (x86)\microsoft visual studio\shared\python37_64\lib\site-packages\scrapy\core\spidermw.py", line 84, in evaluate_iterable
    for r in iterable:
  File "d:\program files (x86)\microsoft visual studio\shared\python37_64\lib\site-packages\scrapy\spidermiddlewares\depth.py", line 58, in <genexpr>
    return (r for r in result or () if _filter(r))
  File "d:\program files (x86)\microsoft visual studio\shared\python37_64\lib\site-packages\scrapy\spiders\crawl.py", line 102, in _parse_response
    cb_res = callback(response, **cb_kwargs) or ()
  File "D:\OneDrive\github\myspider\myspider\spiders\circ.py", line 23, in parse_item
    item['name'] = re.findall('<p>当事人：(.?*)</p>',response.body.decode())
  File "d:\program files (x86)\microsoft visual studio\shared\python37_64\lib\re.py", line 223, in findall
    return _compile(pattern, flags).findall(string)
  File "d:\program files (x86)\microsoft visual studio\shared\python37_64\lib\re.py", line 286, in _compile
    p = sre_compile.compile(pattern, flags)
  File "d:\program files (x86)\microsoft visual studio\shared\python37_64\lib\sre_compile.py", line 764, in compile
    p = sre_parse.parse(p, flags)
  File "d:\program files (x86)\microsoft visual studio\shared\python37_64\lib\sre_parse.py", line 924, in parse
    p = _parse_sub(source, pattern, flags & SRE_FLAG_VERBOSE, 0)
  File "d:\program files (x86)\microsoft visual studio\shared\python37_64\lib\sre_parse.py", line 420, in _parse_sub
    not nested and not items))
  File "d:\program files (x86)\microsoft visual studio\shared\python37_64\lib\sre_parse.py", line 810, in _parse
    p = _parse_sub(source, state, sub_verbose, nested + 1)
  File "d:\program files (x86)\microsoft visual studio\shared\python37_64\lib\sre_parse.py", line 420, in _parse_sub
    not nested and not items))
  File "d:\program files (x86)\microsoft visual studio\shared\python37_64\lib\sre_parse.py", line 648, in _parse
    source.tell() - here + len(this))
re.error: multiple repeat at position 10
2020-02-12 15:45:27 [scrapy.core.scraper] ERROR: Spider error processing <GET http://circ.gov.cn/web/site0/tab5240/info4103851.htm> (referer: http://circ.gov.cn/web/site0/tab5240/)
Traceback (most recent call last):
  File "d:\program files (x86)\microsoft visual studio\shared\python37_64\lib\site-packages\scrapy\utils\defer.py", line 102, in iter_errback
    yield next(it)
  File "d:\program files (x86)\microsoft visual studio\shared\python37_64\lib\site-packages\scrapy\core\spidermw.py", line 84, in evaluate_iterable
    for r in iterable:
  File "d:\program files (x86)\microsoft visual studio\shared\python37_64\lib\site-packages\scrapy\spidermiddlewares\offsite.py", line 29, in process_spider_output
    for x in result:
  File "d:\program files (x86)\microsoft visual studio\shared\python37_64\lib\site-packages\scrapy\core\spidermw.py", line 84, in evaluate_iterable
    for r in iterable:
  File "d:\program files (x86)\microsoft visual studio\shared\python37_64\lib\site-packages\scrapy\spidermiddlewares\referer.py", line 339, in <genexpr>
    return (_set_referer(r) for r in result or ())
  File "d:\program files (x86)\microsoft visual studio\shared\python37_64\lib\site-packages\scrapy\core\spidermw.py", line 84, in evaluate_iterable
    for r in iterable:
  File "d:\program files (x86)\microsoft visual studio\shared\python37_64\lib\site-packages\scrapy\spidermiddlewares\urllength.py", line 37, in <genexpr>
    return (r for r in result or () if _filter(r))
  File "d:\program files (x86)\microsoft visual studio\shared\python37_64\lib\site-packages\scrapy\core\spidermw.py", line 84, in evaluate_iterable
    for r in iterable:
  File "d:\program files (x86)\microsoft visual studio\shared\python37_64\lib\site-packages\scrapy\spidermiddlewares\depth.py", line 58, in <genexpr>
    return (r for r in result or () if _filter(r))
  File "d:\program files (x86)\microsoft visual studio\shared\python37_64\lib\site-packages\scrapy\spiders\crawl.py", line 102, in _parse_response
    cb_res = callback(response, **cb_kwargs) or ()
  File "D:\OneDrive\github\myspider\myspider\spiders\circ.py", line 23, in parse_item
    item['name'] = re.findall('<p>当事人：(.?*)</p>',response.body.decode())
  File "d:\program files (x86)\microsoft visual studio\shared\python37_64\lib\re.py", line 223, in findall
    return _compile(pattern, flags).findall(string)
  File "d:\program files (x86)\microsoft visual studio\shared\python37_64\lib\re.py", line 286, in _compile
    p = sre_compile.compile(pattern, flags)
  File "d:\program files (x86)\microsoft visual studio\shared\python37_64\lib\sre_compile.py", line 764, in compile
    p = sre_parse.parse(p, flags)
  File "d:\program files (x86)\microsoft visual studio\shared\python37_64\lib\sre_parse.py", line 924, in parse
    p = _parse_sub(source, pattern, flags & SRE_FLAG_VERBOSE, 0)
  File "d:\program files (x86)\microsoft visual studio\shared\python37_64\lib\sre_parse.py", line 420, in _parse_sub
    not nested and not items))
  File "d:\program files (x86)\microsoft visual studio\shared\python37_64\lib\sre_parse.py", line 810, in _parse
    p = _parse_sub(source, state, sub_verbose, nested + 1)
  File "d:\program files (x86)\microsoft visual studio\shared\python37_64\lib\sre_parse.py", line 420, in _parse_sub
    not nested and not items))
  File "d:\program files (x86)\microsoft visual studio\shared\python37_64\lib\sre_parse.py", line 648, in _parse
    source.tell() - here + len(this))
re.error: multiple repeat at position 10
2020-02-12 15:45:27 [scrapy.core.scraper] ERROR: Spider error processing <GET http://circ.gov.cn/web/site0/tab5240/info4103845.htm> (referer: http://circ.gov.cn/web/site0/tab5240/)
Traceback (most recent call last):
  File "d:\program files (x86)\microsoft visual studio\shared\python37_64\lib\site-packages\scrapy\utils\defer.py", line 102, in iter_errback
    yield next(it)
  File "d:\program files (x86)\microsoft visual studio\shared\python37_64\lib\site-packages\scrapy\core\spidermw.py", line 84, in evaluate_iterable
    for r in iterable:
  File "d:\program files (x86)\microsoft visual studio\shared\python37_64\lib\site-packages\scrapy\spidermiddlewares\offsite.py", line 29, in process_spider_output
    for x in result:
  File "d:\program files (x86)\microsoft visual studio\shared\python37_64\lib\site-packages\scrapy\core\spidermw.py", line 84, in evaluate_iterable
    for r in iterable:
  File "d:\program files (x86)\microsoft visual studio\shared\python37_64\lib\site-packages\scrapy\spidermiddlewares\referer.py", line 339, in <genexpr>
    return (_set_referer(r) for r in result or ())
  File "d:\program files (x86)\microsoft visual studio\shared\python37_64\lib\site-packages\scrapy\core\spidermw.py", line 84, in evaluate_iterable
    for r in iterable:
  File "d:\program files (x86)\microsoft visual studio\shared\python37_64\lib\site-packages\scrapy\spidermiddlewares\urllength.py", line 37, in <genexpr>
    return (r for r in result or () if _filter(r))
  File "d:\program files (x86)\microsoft visual studio\shared\python37_64\lib\site-packages\scrapy\core\spidermw.py", line 84, in evaluate_iterable
    for r in iterable:
  File "d:\program files (x86)\microsoft visual studio\shared\python37_64\lib\site-packages\scrapy\spidermiddlewares\depth.py", line 58, in <genexpr>
    return (r for r in result or () if _filter(r))
  File "d:\program files (x86)\microsoft visual studio\shared\python37_64\lib\site-packages\scrapy\spiders\crawl.py", line 102, in _parse_response
    cb_res = callback(response, **cb_kwargs) or ()
  File "D:\OneDrive\github\myspider\myspider\spiders\circ.py", line 23, in parse_item
    item['name'] = re.findall('<p>当事人：(.?*)</p>',response.body.decode())
  File "d:\program files (x86)\microsoft visual studio\shared\python37_64\lib\re.py", line 223, in findall
    return _compile(pattern, flags).findall(string)
  File "d:\program files (x86)\microsoft visual studio\shared\python37_64\lib\re.py", line 286, in _compile
    p = sre_compile.compile(pattern, flags)
  File "d:\program files (x86)\microsoft visual studio\shared\python37_64\lib\sre_compile.py", line 764, in compile
    p = sre_parse.parse(p, flags)
  File "d:\program files (x86)\microsoft visual studio\shared\python37_64\lib\sre_parse.py", line 924, in parse
    p = _parse_sub(source, pattern, flags & SRE_FLAG_VERBOSE, 0)
  File "d:\program files (x86)\microsoft visual studio\shared\python37_64\lib\sre_parse.py", line 420, in _parse_sub
    not nested and not items))
  File "d:\program files (x86)\microsoft visual studio\shared\python37_64\lib\sre_parse.py", line 810, in _parse
    p = _parse_sub(source, state, sub_verbose, nested + 1)
  File "d:\program files (x86)\microsoft visual studio\shared\python37_64\lib\sre_parse.py", line 420, in _parse_sub
    not nested and not items))
  File "d:\program files (x86)\microsoft visual studio\shared\python37_64\lib\sre_parse.py", line 648, in _parse
    source.tell() - here + len(this))
re.error: multiple repeat at position 10
2020-02-12 15:45:27 [scrapy.core.scraper] ERROR: Spider error processing <GET http://circ.gov.cn/web/site0/tab5240/info4130416.htm> (referer: http://circ.gov.cn/web/site0/tab5240/)
Traceback (most recent call last):
  File "d:\program files (x86)\microsoft visual studio\shared\python37_64\lib\site-packages\scrapy\utils\defer.py", line 102, in iter_errback
    yield next(it)
  File "d:\program files (x86)\microsoft visual studio\shared\python37_64\lib\site-packages\scrapy\core\spidermw.py", line 84, in evaluate_iterable
    for r in iterable:
  File "d:\program files (x86)\microsoft visual studio\shared\python37_64\lib\site-packages\scrapy\spidermiddlewares\offsite.py", line 29, in process_spider_output
    for x in result:
  File "d:\program files (x86)\microsoft visual studio\shared\python37_64\lib\site-packages\scrapy\core\spidermw.py", line 84, in evaluate_iterable
    for r in iterable:
  File "d:\program files (x86)\microsoft visual studio\shared\python37_64\lib\site-packages\scrapy\spidermiddlewares\referer.py", line 339, in <genexpr>
    return (_set_referer(r) for r in result or ())
  File "d:\program files (x86)\microsoft visual studio\shared\python37_64\lib\site-packages\scrapy\core\spidermw.py", line 84, in evaluate_iterable
    for r in iterable:
  File "d:\program files (x86)\microsoft visual studio\shared\python37_64\lib\site-packages\scrapy\spidermiddlewares\urllength.py", line 37, in <genexpr>
    return (r for r in result or () if _filter(r))
  File "d:\program files (x86)\microsoft visual studio\shared\python37_64\lib\site-packages\scrapy\core\spidermw.py", line 84, in evaluate_iterable
    for r in iterable:
  File "d:\program files (x86)\microsoft visual studio\shared\python37_64\lib\site-packages\scrapy\spidermiddlewares\depth.py", line 58, in <genexpr>
    return (r for r in result or () if _filter(r))
  File "d:\program files (x86)\microsoft visual studio\shared\python37_64\lib\site-packages\scrapy\spiders\crawl.py", line 102, in _parse_response
    cb_res = callback(response, **cb_kwargs) or ()
  File "D:\OneDrive\github\myspider\myspider\spiders\circ.py", line 23, in parse_item
    item['name'] = re.findall('<p>当事人：(.?*)</p>',response.body.decode())
  File "d:\program files (x86)\microsoft visual studio\shared\python37_64\lib\re.py", line 223, in findall
    return _compile(pattern, flags).findall(string)
  File "d:\program files (x86)\microsoft visual studio\shared\python37_64\lib\re.py", line 286, in _compile
    p = sre_compile.compile(pattern, flags)
  File "d:\program files (x86)\microsoft visual studio\shared\python37_64\lib\sre_compile.py", line 764, in compile
    p = sre_parse.parse(p, flags)
  File "d:\program files (x86)\microsoft visual studio\shared\python37_64\lib\sre_parse.py", line 924, in parse
    p = _parse_sub(source, pattern, flags & SRE_FLAG_VERBOSE, 0)
  File "d:\program files (x86)\microsoft visual studio\shared\python37_64\lib\sre_parse.py", line 420, in _parse_sub
    not nested and not items))
  File "d:\program files (x86)\microsoft visual studio\shared\python37_64\lib\sre_parse.py", line 810, in _parse
    p = _parse_sub(source, state, sub_verbose, nested + 1)
  File "d:\program files (x86)\microsoft visual studio\shared\python37_64\lib\sre_parse.py", line 420, in _parse_sub
    not nested and not items))
  File "d:\program files (x86)\microsoft visual studio\shared\python37_64\lib\sre_parse.py", line 648, in _parse
    source.tell() - here + len(this))
re.error: multiple repeat at position 10
2020-02-12 15:45:28 [scrapy.core.scraper] ERROR: Spider error processing <GET http://circ.gov.cn/web/site0/tab5240/info4136797.htm> (referer: http://circ.gov.cn/web/site0/tab5240/)
Traceback (most recent call last):
  File "d:\program files (x86)\microsoft visual studio\shared\python37_64\lib\site-packages\scrapy\utils\defer.py", line 102, in iter_errback
    yield next(it)
  File "d:\program files (x86)\microsoft visual studio\shared\python37_64\lib\site-packages\scrapy\core\spidermw.py", line 84, in evaluate_iterable
    for r in iterable:
  File "d:\program files (x86)\microsoft visual studio\shared\python37_64\lib\site-packages\scrapy\spidermiddlewares\offsite.py", line 29, in process_spider_output
    for x in result:
  File "d:\program files (x86)\microsoft visual studio\shared\python37_64\lib\site-packages\scrapy\core\spidermw.py", line 84, in evaluate_iterable
    for r in iterable:
  File "d:\program files (x86)\microsoft visual studio\shared\python37_64\lib\site-packages\scrapy\spidermiddlewares\referer.py", line 339, in <genexpr>
    return (_set_referer(r) for r in result or ())
  File "d:\program files (x86)\microsoft visual studio\shared\python37_64\lib\site-packages\scrapy\core\spidermw.py", line 84, in evaluate_iterable
    for r in iterable:
  File "d:\program files (x86)\microsoft visual studio\shared\python37_64\lib\site-packages\scrapy\spidermiddlewares\urllength.py", line 37, in <genexpr>
    return (r for r in result or () if _filter(r))
  File "d:\program files (x86)\microsoft visual studio\shared\python37_64\lib\site-packages\scrapy\core\spidermw.py", line 84, in evaluate_iterable
    for r in iterable:
  File "d:\program files (x86)\microsoft visual studio\shared\python37_64\lib\site-packages\scrapy\spidermiddlewares\depth.py", line 58, in <genexpr>
    return (r for r in result or () if _filter(r))
  File "d:\program files (x86)\microsoft visual studio\shared\python37_64\lib\site-packages\scrapy\spiders\crawl.py", line 102, in _parse_response
    cb_res = callback(response, **cb_kwargs) or ()
  File "D:\OneDrive\github\myspider\myspider\spiders\circ.py", line 23, in parse_item
    item['name'] = re.findall('<p>当事人：(.?*)</p>',response.body.decode())
  File "d:\program files (x86)\microsoft visual studio\shared\python37_64\lib\re.py", line 223, in findall
    return _compile(pattern, flags).findall(string)
  File "d:\program files (x86)\microsoft visual studio\shared\python37_64\lib\re.py", line 286, in _compile
    p = sre_compile.compile(pattern, flags)
  File "d:\program files (x86)\microsoft visual studio\shared\python37_64\lib\sre_compile.py", line 764, in compile
    p = sre_parse.parse(p, flags)
  File "d:\program files (x86)\microsoft visual studio\shared\python37_64\lib\sre_parse.py", line 924, in parse
    p = _parse_sub(source, pattern, flags & SRE_FLAG_VERBOSE, 0)
  File "d:\program files (x86)\microsoft visual studio\shared\python37_64\lib\sre_parse.py", line 420, in _parse_sub
    not nested and not items))
  File "d:\program files (x86)\microsoft visual studio\shared\python37_64\lib\sre_parse.py", line 810, in _parse
    p = _parse_sub(source, state, sub_verbose, nested + 1)
  File "d:\program files (x86)\microsoft visual studio\shared\python37_64\lib\sre_parse.py", line 420, in _parse_sub
    not nested and not items))
  File "d:\program files (x86)\microsoft visual studio\shared\python37_64\lib\sre_parse.py", line 648, in _parse
    source.tell() - here + len(this))
re.error: multiple repeat at position 10
2020-02-12 15:45:29 [scrapy.core.downloader.handlers.http11] WARNING: Got data loss in http://circ.gov.cn/web/site0/tab5240/info4139037.htm. If you want to process broken responses set the setting DOWNLOAD_FAIL_ON_DATALOSS = False -- This message won't be shown in further requests
2020-02-12 15:45:29 [scrapy.core.downloader.handlers.http11] WARNING: Got data loss in http://circ.gov.cn/web/site0/tab5240/info4141865.htm. If you want to process broken responses set the setting DOWNLOAD_FAIL_ON_DATALOSS = False -- This message won't be shown in further requests
2020-02-12 15:45:29 [scrapy.core.downloader.handlers.http11] WARNING: Got data loss in http://circ.gov.cn/web/site0/tab5240/info4130033.htm. If you want to process broken responses set the setting DOWNLOAD_FAIL_ON_DATALOSS = False -- This message won't be shown in further requests
2020-02-12 15:45:29 [scrapy.core.downloader.handlers.http11] WARNING: Got data loss in http://circ.gov.cn/web/site0/tab5240/info4129549.htm. If you want to process broken responses set the setting DOWNLOAD_FAIL_ON_DATALOSS = False -- This message won't be shown in further requests
2020-02-12 15:45:29 [scrapy.core.downloader.handlers.http11] WARNING: Got data loss in http://circ.gov.cn/web/site0/tab5240/info4122318.htm. If you want to process broken responses set the setting DOWNLOAD_FAIL_ON_DATALOSS = False -- This message won't be shown in further requests
2020-02-12 15:45:29 [scrapy.core.downloader.handlers.http11] WARNING: Got data loss in http://circ.gov.cn/web/site0/tab5240/info4129710.htm. If you want to process broken responses set the setting DOWNLOAD_FAIL_ON_DATALOSS = False -- This message won't be shown in further requests
